Catégorie [Milk] ID [13] Nom [Lait bio très gras] Prix [8.45] Gras [3.8] Litres [2.0]
Catégorie [Eggs] ID [12] Nom [Oeufs de poules en liberté] Prix [3.5] Couleur [Brun] Nombre [12]
Catégorie [Bread] ID [11] Nom [Pain blanc traditionnel] Prix [1.5] Couleur [blanc] Poids [200]
Categorie [Milk] ID [135] Nom [Lait bio très gras] Prix [8.45] Gras [3.8] Litres [2.0] 
Categorie [Eggs] ID [125] Nom [Douzaine d'oeufs bruns] Prix [3.5] Coleur [Brun] Nombre[12] 
Categorie [Bread] ID [115] Nom [Vraiment très bon pain blanc] Prix [1.5] Couleur [blanc]Poids[200.0] 
Categorie [Bread] ID [332] Nom [Pain sept grains] Prix [4.5] Couleur [brun]Poids[500.0] 
Categorie [Eggs] ID [40] Nom [Oeufs biololo] Prix [6.5] Coleur [blanc] Nombre[12] 
Categorie [Milk] ID [60] Nom [Béatrice] Prix [4.55] Gras [3.4] Litres [2.0] 
Categorie [Milk] ID [80] Nom [Carnation] Prix [3.2] Gras [3.3] Litres [0.5] 
Categorie [Bread] ID [101] Nom [Vraiment très bon pain blanc] Prix [1.5] Couleur [blanc]Poids[200.0] 
Categorie [Eggs] ID [102] Nom [Douzaine d'oeufs bruns] Prix [3.5] Coleur [Brun] Nombre[12] 
Categorie [Milk] ID [130] Nom [Lait bio très gras] Prix [8.45] Gras [3.4] Litres [2.0] 
Categorie [Bread] ID [11] Nom [Pain blanc traditionnel] Prix [1.5] Couleur [blanc]Poids[200.0] 
Categorie [Eggs] ID [12] Nom [Oeufs de poules en liberté] Prix [3.5] Coleur [Brun] Nombre[12] 
Categorie [Milk] ID [13] Nom [Lait bio très gras] Prix [8.45] Gras [3.8] Litres [2.0] 
Categorie [Milk] ID [135] Nom [Lait bio très gras] Prix [8.45] Gras [3.8] Litres [2.0] 
Categorie [Eggs] ID [125] Nom [Douzaine d'oeufs bruns] Prix [3.5] Coleur [Brun] Nombre[12] 
Categorie [Bread] ID [115] Nom [Vraiment très bon pain blanc] Prix [1.5] Couleur [blanc]Poids[200.0] 
Categorie [Bread] ID [332] Nom [Pain sept grains] Prix [4.5] Couleur [brun]Poids[500.0] 
Categorie [Eggs] ID [40] Nom [Oeufs biololo] Prix [6.5] Coleur [blanc] Nombre[12] 
Categorie [Milk] ID [60] Nom [Béatrice] Prix [4.55] Gras [3.4] Litres [2.0] 
Categorie [Milk] ID [80] Nom [Carnation] Prix [3.2] Gras [3.3] Litres [0.5] 
Categorie [Bread] ID [101] Nom [Vraiment très bon pain blanc] Prix [1.5] Couleur [blanc]Poids[200.0] 
Categorie [Eggs] ID [102] Nom [Douzaine d'oeufs bruns] Prix [3.5] Coleur [Brun] Nombre[12] 
Categorie [Milk] ID [130] Nom [Lait bio très gras] Prix [8.45] Gras [3.4] Litres [2.0] 
Categorie [Bread] ID [11] Nom [Pain blanc traditionnel] Prix [1.5] Couleur [blanc]Poids[200.0] 
Categorie [Eggs] ID [12] Nom [Oeufs de poules en liberté] Prix [3.5] Coleur [Brun] Nombre[12] 
Categorie [Milk] ID [13] Nom [Lait bio très gras] Prix [8.45] Gras [3.8] Litres [2.0] 
Categorie [Milk] ID [135] Nom [Lait bio très gras] Prix [8.45] Gras [3.8] Litres [2.0] 
Categorie [Eggs] ID [125] Nom [Douzaine d'oeufs bruns] Prix [3.5] Coleur [Brun] Nombre[12] 
Categorie [Bread] ID [115] Nom [Vraiment très bon pain blanc] Prix [1.5] Couleur [blanc]Poids[200.0] 
Categorie [Bread] ID [332] Nom [Pain sept grains] Prix [4.5] Couleur [brun]Poids[500.0] 
Categorie [Eggs] ID [40] Nom [Oeufs biololo] Prix [6.5] Coleur [blanc] Nombre[12] 
Categorie [Milk] ID [60] Nom [Béatrice] Prix [4.55] Gras [3.4] Litres [2.0] 
Categorie [Milk] ID [80] Nom [Carnation] Prix [3.2] Gras [3.3] Litres [0.5] 
Categorie [Bread] ID [101] Nom [Vraiment très bon pain blanc] Prix [1.5] Couleur [blanc]Poids[200.0] 
Categorie [Eggs] ID [102] Nom [Douzaine d'oeufs bruns] Prix [3.5] Coleur [Brun] Nombre[12] 
Categorie [Milk] ID [130] Nom [Lait bio très gras] Prix [8.45] Gras [3.4] Litres [2.0] 
Categorie [Bread] ID [11] Nom [Pain blanc traditionnel] Prix [1.5] Couleur [blanc]Poids[200.0] 
Categorie [Eggs] ID [12] Nom [Oeufs de poules en liberté] Prix [3.5] Coleur [Brun] Nombre[12] 
Categorie [Milk] ID [13] Nom [Lait bio très gras] Prix [8.45] Gras [3.8] Litres [2.0] 
Categorie [Milk] ID [135] Nom [Lait bio très gras] Prix [8.45] Gras [3.8] Litres [2.0] 
Categorie [Eggs] ID [125] Nom [Douzaine d'oeufs bruns] Prix [3.5] Coleur [Brun] Nombre[12] 
Categorie [Bread] ID [115] Nom [Vraiment très bon pain blanc] Prix [1.5] Couleur [blanc]Poids[200.0] 
Categorie [Bread] ID [332] Nom [Pain sept grains] Prix [4.5] Couleur [brun]Poids[500.0] 
Categorie [Eggs] ID [40] Nom [Oeufs biololo] Prix [6.5] Coleur [blanc] Nombre[12] 
Categorie [Milk] ID [60] Nom [Béatrice] Prix [4.55] Gras [3.4] Litres [2.0] 
Categorie [Milk] ID [80] Nom [Carnation] Prix [3.2] Gras [3.3] Litres [0.5] 
Categorie [Bread] ID [101] Nom [Vraiment très bon pain blanc] Prix [1.5] Couleur [blanc]Poids[200.0] 
Categorie [Eggs] ID [102] Nom [Douzaine d'oeufs bruns] Prix [3.5] Coleur [Brun] Nombre[12] 
Categorie [Milk] ID [130] Nom [Lait bio très gras] Prix [8.45] Gras [3.4] Litres [2.0] 
Categorie [Bread] ID [11] Nom [Pain blanc traditionnel] Prix [1.5] Couleur [blanc]Poids[200.0] 
Categorie [Eggs] ID [12] Nom [Oeufs de poules en liberté] Prix [3.5] Coleur [Brun] Nombre[12] 
Categorie [Milk] ID [13] Nom [Lait bio très gras] Prix [8.45] Gras [3.8] Litres [2.0] 
Categorie [Milk] ID [135] Nom [Lait bio très gras] Prix [8.45] Gras [3.8] Litres [2.0] 
Categorie [Eggs] ID [125] Nom [Douzaine d'oeufs bruns] Prix [3.5] Coleur [Brun] Nombre[12] 
Categorie [Bread] ID [115] Nom [Vraiment très bon pain blanc] Prix [1.5] Couleur [blanc]Poids[200.0] 
Categorie [Bread] ID [332] Nom [Pain sept grains] Prix [4.5] Couleur [brun]Poids[500.0] 
Categorie [Eggs] ID [40] Nom [Oeufs biololo] Prix [6.5] Coleur [blanc] Nombre[12] 
Categorie [Milk] ID [60] Nom [Béatrice] Prix [4.55] Gras [3.4] Litres [2.0] 
Categorie [Milk] ID [80] Nom [Carnation] Prix [3.2] Gras [3.3] Litres [0.5] 
Categorie [Bread] ID [101] Nom [Vraiment très bon pain blanc] Prix [1.5] Couleur [blanc]Poids[200.0] 
Categorie [Eggs] ID [102] Nom [Douzaine d'oeufs bruns] Prix [3.5] Coleur [Brun] Nombre[12] 
Categorie [Milk] ID [130] Nom [Lait bio très gras] Prix [8.45] Gras [3.4] Litres [2.0] 
Categorie [Bread] ID [11] Nom [Pain blanc traditionnel] Prix [1.5] Couleur [blanc]Poids[200.0] 
Categorie [Eggs] ID [12] Nom [Oeufs de poules en liberté] Prix [3.5] Coleur [Brun] Nombre[12] 
Categorie [Milk] ID [13] Nom [Lait bio très gras] Prix [8.45] Gras [3.8] Litres [2.0] 
Categorie [Milk] ID [135] Nom [Lait bio très gras] Prix [8.45] Gras [3.8] Litres [2.0] 
Categorie [Eggs] ID [125] Nom [Douzaine d'oeufs bruns] Prix [3.5] Coleur [Brun] Nombre[12] 
Categorie [Bread] ID [115] Nom [Vraiment très bon pain blanc] Prix [1.5] Couleur [blanc]Poids[200.0] 
Categorie [Bread] ID [332] Nom [Pain sept grains] Prix [4.5] Couleur [brun]Poids[500.0] 
Categorie [Eggs] ID [40] Nom [Oeufs biololo] Prix [6.5] Coleur [blanc] Nombre[12] 
Categorie [Milk] ID [60] Nom [Béatrice] Prix [4.55] Gras [3.4] Litres [2.0] 
Categorie [Milk] ID [80] Nom [Carnation] Prix [3.2] Gras [3.3] Litres [0.5] 
Categorie [Bread] ID [101] Nom [Vraiment très bon pain blanc] Prix [1.5] Couleur [blanc]Poids[200.0] 
Categorie [Eggs] ID [102] Nom [Douzaine d'oeufs bruns] Prix [3.5] Coleur [Brun] Nombre[12] 
Categorie [Milk] ID [130] Nom [Lait bio très gras] Prix [8.45] Gras [3.4] Litres [2.0] 
Categorie [Bread] ID [11] Nom [Pain blanc traditionnel] Prix [1.5] Couleur [blanc]Poids[200.0] 
Categorie [Eggs] ID [12] Nom [Oeufs de poules en liberté] Prix [3.5] Coleur [Brun] Nombre[12] 
Categorie [Milk] ID [13] Nom [Lait bio très gras] Prix [8.45] Gras [3.8] Litres [2.0] 
Categorie [Milk] ID [135] Nom [Lait bio très gras] Prix [8.45] Gras [3.8] Litres [2.0] 
Categorie [Eggs] ID [125] Nom [Douzaine d'oeufs bruns] Prix [3.5] Coleur [Brun] Nombre[12] 
Categorie [Bread] ID [115] Nom [Vraiment très bon pain blanc] Prix [1.5] Couleur [blanc]Poids[200.0] 
Categorie [Bread] ID [332] Nom [Pain sept grains] Prix [4.5] Couleur [brun]Poids[500.0] 
Categorie [Eggs] ID [40] Nom [Oeufs biololo] Prix [6.5] Coleur [blanc] Nombre[12] 
Categorie [Milk] ID [60] Nom [Béatrice] Prix [4.55] Gras [3.4] Litres [2.0] 
Categorie [Milk] ID [80] Nom [Carnation] Prix [3.2] Gras [3.3] Litres [0.5] 
Categorie [Bread] ID [101] Nom [Vraiment très bon pain blanc] Prix [1.5] Couleur [blanc]Poids[200.0] 
Categorie [Eggs] ID [102] Nom [Douzaine d'oeufs bruns] Prix [3.5] Coleur [Brun] Nombre[12] 
Categorie [Milk] ID [130] Nom [Lait bio très gras] Prix [8.45] Gras [3.4] Litres [2.0] 
Categorie [Bread] ID [11] Nom [Pain blanc traditionnel] Prix [1.5] Couleur [blanc]Poids[200.0] 
Categorie [Eggs] ID [12] Nom [Oeufs de poules en liberté] Prix [3.5] Coleur [Brun] Nombre[12] 
Categorie [Milk] ID [13] Nom [Lait bio très gras] Prix [8.45] Gras [3.8] Litres [2.0] 
Categorie [Milk] ID [135] Nom [Lait bio très gras] Prix [8.45] Gras [3.8] Litres [2.0] 
Categorie [Eggs] ID [125] Nom [Douzaine d'oeufs bruns] Prix [3.5] Coleur [Brun] Nombre[12] 
Categorie [Bread] ID [115] Nom [Vraiment très bon pain blanc] Prix [1.5] Couleur [blanc]Poids[200.0] 
Categorie [Bread] ID [332] Nom [Pain sept grains] Prix [4.5] Couleur [brun]Poids[500.0] 
Categorie [Eggs] ID [40] Nom [Oeufs biololo] Prix [6.5] Coleur [blanc] Nombre[12] 
Categorie [Milk] ID [60] Nom [Béatrice] Prix [4.55] Gras [3.4] Litres [2.0] 
Categorie [Milk] ID [80] Nom [Carnation] Prix [3.2] Gras [3.3] Litres [0.5] 
Categorie [Bread] ID [101] Nom [Vraiment très bon pain blanc] Prix [1.5] Couleur [blanc]Poids[200.0] 
Categorie [Eggs] ID [102] Nom [Douzaine d'oeufs bruns] Prix [3.5] Coleur [Brun] Nombre[12] 
Categorie [Milk] ID [130] Nom [Lait bio très gras] Prix [8.45] Gras [3.4] Litres [2.0] 
Categorie [Bread] ID [11] Nom [Pain blanc traditionnel] Prix [1.5] Couleur [blanc]Poids[200.0] 
Categorie [Eggs] ID [12] Nom [Oeufs de poules en liberté] Prix [3.5] Coleur [Brun] Nombre[12] 
Categorie [Milk] ID [13] Nom [Lait bio très gras] Prix [8.45] Gras [3.8] Litres [2.0] 
Categorie [Milk] ID [135] Nom [Lait bio très gras] Prix [8.45] Gras [3.8] Litres [2.0] 
Categorie [Eggs] ID [125] Nom [Douzaine d'oeufs bruns] Prix [3.5] Coleur [Brun] Nombre[12] 
Categorie [Bread] ID [115] Nom [Vraiment très bon pain blanc] Prix [1.5] Couleur [blanc]Poids[200.0] 
Categorie [Bread] ID [332] Nom [Pain sept grains] Prix [4.5] Couleur [brun]Poids[500.0] 
Categorie [Eggs] ID [40] Nom [Oeufs biololo] Prix [6.5] Coleur [blanc] Nombre[12] 
Categorie [Milk] ID [60] Nom [Béatrice] Prix [4.55] Gras [3.4] Litres [2.0] 
Categorie [Milk] ID [80] Nom [Carnation] Prix [3.2] Gras [3.3] Litres [0.5] 
Categorie [Bread] ID [101] Nom [Vraiment très bon pain blanc] Prix [1.5] Couleur [blanc]Poids[200.0] 
Categorie [Eggs] ID [102] Nom [Douzaine d'oeufs bruns] Prix [3.5] Coleur [Brun] Nombre[12] 
Categorie [Milk] ID [130] Nom [Lait bio très gras] Prix [8.45] Gras [3.4] Litres [2.0] 
Categorie [Bread] ID [11] Nom [Pain blanc traditionnel] Prix [1.5] Couleur [blanc]Poids[200.0] 
Categorie [Eggs] ID [12] Nom [Oeufs de poules en liberté] Prix [3.5] Coleur [Brun] Nombre[12] 
Categorie [Milk] ID [13] Nom [Lait bio très gras] Prix [8.45] Gras [3.8] Litres [2.0] 
Categorie [Milk] ID [135] Nom [Lait bio très gras] Prix [8.45] Gras [3.8] Litres [2.0] 
Categorie [Eggs] ID [125] Nom [Douzaine d'oeufs bruns] Prix [3.5] Coleur [Brun] Nombre[12] 
Categorie [Bread] ID [115] Nom [Vraiment très bon pain blanc] Prix [1.5] Couleur [blanc]Poids[200.0] 
Categorie [Bread] ID [332] Nom [Pain sept grains] Prix [4.5] Couleur [brun]Poids[500.0] 
Categorie [Eggs] ID [40] Nom [Oeufs biololo] Prix [6.5] Coleur [blanc] Nombre[12] 
Categorie [Milk] ID [60] Nom [Béatrice] Prix [4.55] Gras [3.4] Litres [2.0] 
Categorie [Milk] ID [80] Nom [Carnation] Prix [3.2] Gras [3.3] Litres [0.5] 
Categorie [Bread] ID [101] Nom [Vraiment très bon pain blanc] Prix [1.5] Couleur [blanc]Poids[200.0] 
Categorie [Eggs] ID [102] Nom [Douzaine d'oeufs bruns] Prix [3.5] Coleur [Brun] Nombre[12] 
Categorie [Milk] ID [130] Nom [Lait bio très gras] Prix [8.45] Gras [3.4] Litres [2.0] 
Categorie [Bread] ID [11] Nom [Pain blanc traditionnel] Prix [1.5] Couleur [blanc]Poids[200.0] 
Categorie [Eggs] ID [12] Nom [Oeufs de poules en liberté] Prix [3.5] Coleur [Brun] Nombre[12] 
Categorie [Milk] ID [13] Nom [Lait bio très gras] Prix [8.45] Gras [3.8] Litres [2.0] 
Categorie [Milk] ID [135] Nom [Lait bio très gras] Prix [8.45] Gras [3.8] Litres [2.0] 
Categorie [Eggs] ID [125] Nom [Douzaine d'oeufs bruns] Prix [3.5] Coleur [Brun] Nombre[12] 
Categorie [Bread] ID [115] Nom [Vraiment très bon pain blanc] Prix [1.5] Couleur [blanc]Poids[200.0] 
Categorie [Bread] ID [332] Nom [Pain sept grains] Prix [4.5] Couleur [brun]Poids[500.0] 
Categorie [Eggs] ID [40] Nom [Oeufs biololo] Prix [6.5] Coleur [blanc] Nombre[12] 
Categorie [Milk] ID [60] Nom [Béatrice] Prix [4.55] Gras [3.4] Litres [2.0] 
Categorie [Milk] ID [80] Nom [Carnation] Prix [3.2] Gras [3.3] Litres [0.5] 
Categorie [Bread] ID [101] Nom [Vraiment très bon pain blanc] Prix [1.5] Couleur [blanc]Poids[200.0] 
Categorie [Eggs] ID [102] Nom [Douzaine d'oeufs bruns] Prix [3.5] Coleur [Brun] Nombre[12] 
Categorie [Milk] ID [130] Nom [Lait bio très gras] Prix [8.45] Gras [3.4] Litres [2.0] 
Categorie [Bread] ID [11] Nom [Pain blanc traditionnel] Prix [1.5] Couleur [blanc]Poids[200.0] 
Categorie [Eggs] ID [12] Nom [Oeufs de poules en liberté] Prix [3.5] Coleur [Brun] Nombre[12] 
Categorie [Milk] ID [13] Nom [Lait bio très gras] Prix [8.45] Gras [3.8] Litres [2.0] 
Categorie [Milk] ID [135] Nom [Lait bio très gras] Prix [8.45] Gras [3.8] Litres [2.0] 
Categorie [Eggs] ID [125] Nom [Douzaine d'oeufs bruns] Prix [3.5] Coleur [Brun] Nombre[12] 
Categorie [Bread] ID [115] Nom [Vraiment très bon pain blanc] Prix [1.5] Couleur [blanc]Poids[200.0] 
Categorie [Bread] ID [332] Nom [Pain sept grains] Prix [4.5] Couleur [brun]Poids[500.0] 
Categorie [Eggs] ID [40] Nom [Oeufs biololo] Prix [6.5] Coleur [blanc] Nombre[12] 
Categorie [Milk] ID [60] Nom [Béatrice] Prix [4.55] Gras [3.4] Litres [2.0] 
Categorie [Milk] ID [80] Nom [Carnation] Prix [3.2] Gras [3.3] Litres [0.5] 
Categorie [Bread] ID [101] Nom [Vraiment très bon pain blanc] Prix [1.5] Couleur [blanc]Poids[200.0] 
Categorie [Eggs] ID [102] Nom [Douzaine d'oeufs bruns] Prix [3.5] Coleur [Brun] Nombre[12] 
Categorie [Milk] ID [130] Nom [Lait bio très gras] Prix [8.45] Gras [3.4] Litres [2.0] 
Categorie [Bread] ID [11] Nom [Pain blanc traditionnel] Prix [1.5] Couleur [blanc]Poids[200.0] 
Categorie [Eggs] ID [12] Nom [Oeufs de poules en liberté] Prix [3.5] Coleur [Brun] Nombre[12] 
Categorie [Milk] ID [13] Nom [Lait bio très gras] Prix [8.45] Gras [3.8] Litres [2.0] 
Categorie [Milk] ID [135] Nom [Lait bio très gras] Prix [8.45] Gras [3.8] Litres [2.0] 
Categorie [Eggs] ID [125] Nom [Douzaine d'oeufs bruns] Prix [3.5] Coleur [Brun] Nombre[12] 
Categorie [Bread] ID [115] Nom [Vraiment très bon pain blanc] Prix [1.5] Couleur [blanc]Poids[200.0] 
Categorie [Bread] ID [332] Nom [Pain sept grains] Prix [4.5] Couleur [brun]Poids[500.0] 
Categorie [Eggs] ID [40] Nom [Oeufs biololo] Prix [6.5] Coleur [blanc] Nombre[12] 
Categorie [Milk] ID [60] Nom [Béatrice] Prix [4.55] Gras [3.4] Litres [2.0] 
Categorie [Milk] ID [80] Nom [Carnation] Prix [3.2] Gras [3.3] Litres [0.5] 
Categorie [Bread] ID [101] Nom [Vraiment très bon pain blanc] Prix [1.5] Couleur [blanc]Poids[200.0] 
Categorie [Eggs] ID [102] Nom [Douzaine d'oeufs bruns] Prix [3.5] Coleur [Brun] Nombre[12] 
Categorie [Milk] ID [130] Nom [Lait bio très gras] Prix [8.45] Gras [3.4] Litres [2.0] 
Categorie [Bread] ID [11] Nom [Pain blanc traditionnel] Prix [1.5] Couleur [blanc]Poids[200.0] 
Categorie [Eggs] ID [12] Nom [Oeufs de poules en liberté] Prix [3.5] Coleur [Brun] Nombre[12] 
Categorie [Milk] ID [13] Nom [Lait bio très gras] Prix [8.45] Gras [3.8] Litres [2.0] 
Categorie [Milk] ID [135] Nom [Lait bio très gras] Prix [8.45] Gras [3.8] Litres [2.0] 
Categorie [Eggs] ID [125] Nom [Douzaine d'oeufs bruns] Prix [3.5] Coleur [Brun] Nombre[12] 
Categorie [Bread] ID [115] Nom [Vraiment très bon pain blanc] Prix [1.5] Couleur [blanc]Poids[200.0] 
Categorie [Bread] ID [332] Nom [Pain sept grains] Prix [4.5] Couleur [brun]Poids[500.0] 
Categorie [Eggs] ID [40] Nom [Oeufs biololo] Prix [6.5] Coleur [blanc] Nombre[12] 
Categorie [Milk] ID [60] Nom [Béatrice] Prix [4.55] Gras [3.4] Litres [2.0] 
Categorie [Milk] ID [80] Nom [Carnation] Prix [3.2] Gras [3.3] Litres [0.5] 
Categorie [Bread] ID [101] Nom [Vraiment très bon pain blanc] Prix [1.5] Couleur [blanc]Poids[200.0] 
Categorie [Eggs] ID [102] Nom [Douzaine d'oeufs bruns] Prix [3.5] Coleur [Brun] Nombre[12] 
Categorie [Milk] ID [130] Nom [Lait bio très gras] Prix [8.45] Gras [3.4] Litres [2.0] 
Categorie [Bread] ID [11] Nom [Pain blanc traditionnel] Prix [1.5] Couleur [blanc]Poids[200.0] 
Categorie [Eggs] ID [12] Nom [Oeufs de poules en liberté] Prix [3.5] Coleur [Brun] Nombre[12] 
Categorie [Milk] ID [13] Nom [Lait bio très gras] Prix [8.45] Gras [3.8] Litres [2.0] 
Categorie [Milk] ID [135] Nom [Lait bio très gras] Prix [8.45] Gras [3.8] Litres [2.0] 
Categorie [Eggs] ID [125] Nom [Douzaine d'oeufs bruns] Prix [3.5] Coleur [Brun] Nombre[12] 
Categorie [Bread] ID [115] Nom [Vraiment très bon pain blanc] Prix [1.5] Couleur [blanc]Poids[200.0] 
Categorie [Bread] ID [332] Nom [Pain sept grains] Prix [4.5] Couleur [brun]Poids[500.0] 
Categorie [Eggs] ID [40] Nom [Oeufs biololo] Prix [6.5] Coleur [blanc] Nombre[12] 
Categorie [Milk] ID [60] Nom [Béatrice] Prix [4.55] Gras [3.4] Litres [2.0] 
Categorie [Milk] ID [80] Nom [Carnation] Prix [3.2] Gras [3.3] Litres [0.5] 
Categorie [Bread] ID [101] Nom [Vraiment très bon pain blanc] Prix [1.5] Couleur [blanc]Poids[200.0] 
Categorie [Eggs] ID [102] Nom [Douzaine d'oeufs bruns] Prix [3.5] Coleur [Brun] Nombre[12] 
Categorie [Milk] ID [130] Nom [Lait bio très gras] Prix [8.45] Gras [3.4] Litres [2.0] 
Categorie [Bread] ID [11] Nom [Pain blanc traditionnel] Prix [1.5] Couleur [blanc]Poids[200.0] 
Categorie [Eggs] ID [12] Nom [Oeufs de poules en liberté] Prix [3.5] Coleur [Brun] Nombre[12] 
Categorie [Milk] ID [13] Nom [Lait bio très gras] Prix [8.45] Gras [3.8] Litres [2.0] 
